2020/04/27 02:21:56:221 INFO - MercariTrainingApplication.logStarting Starting MercariTrainingApplication on DESKTOP-B5V0C2I with PID 16684 (C:\env\springworkspace\mercari-training\target\classes started by user in C:\env\springworkspace\mercari-training)
2020/04/27 02:21:56:221 INFO - MercariTrainingApplication.ogStartupProfileInfo No active profile set, falling back to default profiles: default
2020/04/27 02:21:56:643 INFO - TomcatWebServer.initialize Tomcat initialized with port(s): 8080 (http)
2020/04/27 02:21:56:643 INFO - StandardService.log Starting service [Tomcat]
2020/04/27 02:21:56:643 INFO - StandardEngine.log Starting Servlet engine: [Apache Tomcat/9.0.33]
2020/04/27 02:21:56:658 INFO - [/].log Initializing Spring embedded WebApplicationContext
2020/04/27 02:21:56:658 INFO - ContextLoader.ebApplicationContext Root WebApplicationContext: initialization completed in 437 ms
2020/04/27 02:21:56:783 INFO - DefaultSecurityFilterChain.<init> Creating filter chain: Ant [pattern='/css/**'], []
2020/04/27 02:21:56:783 INFO - DefaultSecurityFilterChain.<init> Creating filter chain: Ant [pattern='/js/**'], []
2020/04/27 02:21:56:799 INFO - DefaultSecurityFilterChain.<init> Creating filter chain: any request, [org.springframework.security.web.context.request.async.WebAsyncManagerIntegrationFilter@43bbd347, org.springframework.security.web.context.SecurityContextPersistenceFilter@73573055, org.springframework.security.web.header.HeaderWriterFilter@959b32f, org.springframework.security.web.csrf.CsrfFilter@46710f4e, org.springframework.security.web.authentication.logout.LogoutFilter@69980a1d, org.springframework.security.web.authentication.UsernamePasswordAuthenticationFilter@1a398961, org.springframework.security.web.savedrequest.RequestCacheAwareFilter@48a03fe1, org.springframework.security.web.servletapi.SecurityContextHolderAwareRequestFilter@c242d11, org.springframework.security.web.authentication.AnonymousAuthenticationFilter@740f3f5, org.springframework.security.web.session.SessionManagementFilter@3d9243d6, org.springframework.security.web.access.ExceptionTranslationFilter@1de4c503, org.springframework.security.web.access.intercept.FilterSecurityInterceptor@5df2e05d]
2020/04/27 02:21:56:815 INFO - ThreadPoolTaskExecutor.initialize Initializing ExecutorService 'applicationTaskExecutor'
2020/04/27 02:21:56:877 INFO - OptionalLiveReloadServer.startServer LiveReload server is running on port 35729
2020/04/27 02:21:56:893 INFO - TomcatWebServer.start Tomcat started on port(s): 8080 (http) with context path ''
2020/04/27 02:21:56:893 INFO - MercariTrainingApplication.logStarted Started MercariTrainingApplication in 0.718 seconds (JVM running for 2663.986)
2020/04/27 02:21:56:893 INFO - ConditionEvaluationDeltaLoggingListener.onApplicationEvent Condition evaluation unchanged
2020/04/27 02:22:10:040 INFO - ThreadPoolTaskExecutor.shutdown Shutting down ExecutorService 'applicationTaskExecutor'
2020/04/27 02:22:10:915 INFO - MercariTrainingApplication.logStarting Starting MercariTrainingApplication on DESKTOP-B5V0C2I with PID 16684 (C:\env\springworkspace\mercari-training\target\classes started by user in C:\env\springworkspace\mercari-training)
2020/04/27 02:22:10:916 INFO - MercariTrainingApplication.ogStartupProfileInfo No active profile set, falling back to default profiles: default
2020/04/27 02:22:11:855 INFO - TomcatWebServer.initialize Tomcat initialized with port(s): 8080 (http)
2020/04/27 02:22:11:857 INFO - StandardService.log Starting service [Tomcat]
2020/04/27 02:22:11:857 INFO - StandardEngine.log Starting Servlet engine: [Apache Tomcat/9.0.33]
2020/04/27 02:22:11:874 INFO - [/].log Initializing Spring embedded WebApplicationContext
2020/04/27 02:22:11:874 INFO - ContextLoader.ebApplicationContext Root WebApplicationContext: initialization completed in 954 ms
2020/04/27 02:22:12:127 INFO - SpringBootTestContextBootstrapper.ContextConfiguration Neither @ContextConfiguration nor @ContextHierarchy found for test class [com.example.MercariTrainingApplicationTests], using SpringBootContextLoader
2020/04/27 02:22:12:169 INFO - AbstractContextLoader.rateDefaultLocations Could not detect default resource locations for test class [com.example.MercariTrainingApplicationTests]: no resource found for suffixes {-context.xml, Context.groovy}.
2020/04/27 02:22:12:171 INFO - AnnotationConfigContextLoaderUtils.ConfigurationClasses Could not detect default configuration classes for test class [com.example.MercariTrainingApplicationTests]: MercariTrainingApplicationTests does not declare any static, non-private, non-final, nested classes annotated with @Configuration.
2020/04/27 02:22:12:270 INFO - DefaultSecurityFilterChain.<init> Creating filter chain: Ant [pattern='/css/**'], []
2020/04/27 02:22:12:270 INFO - DefaultSecurityFilterChain.<init> Creating filter chain: Ant [pattern='/js/**'], []
2020/04/27 02:22:12:286 INFO - DefaultSecurityFilterChain.<init> Creating filter chain: any request, [org.springframework.security.web.context.request.async.WebAsyncManagerIntegrationFilter@1a6099ff, org.springframework.security.web.context.SecurityContextPersistenceFilter@5a43072d, org.springframework.security.web.header.HeaderWriterFilter@1969c152, org.springframework.security.web.csrf.CsrfFilter@29c12a30, org.springframework.security.web.authentication.logout.LogoutFilter@61ee8e5b, org.springframework.security.web.authentication.UsernamePasswordAuthenticationFilter@7c517321, org.springframework.security.web.savedrequest.RequestCacheAwareFilter@17e52995, org.springframework.security.web.servletapi.SecurityContextHolderAwareRequestFilter@40d1196a, org.springframework.security.web.authentication.AnonymousAuthenticationFilter@1acc9c86, org.springframework.security.web.session.SessionManagementFilter@7a7322f9, org.springframework.security.web.access.ExceptionTranslationFilter@1c1a3e3e, org.springframework.security.web.access.intercept.FilterSecurityInterceptor@662d10b4]
2020/04/27 02:22:12:330 INFO - ThreadPoolTaskExecutor.initialize Initializing ExecutorService 'applicationTaskExecutor'
2020/04/27 02:22:12:454 INFO - OptionalLiveReloadServer.startServer LiveReload server is running on port 35729
2020/04/27 02:22:12:454 INFO - SpringBootTestContextBootstrapper.ConfigurationClasses Found @SpringBootConfiguration com.example.MercariTrainingApplication for test class com.example.MercariTrainingApplicationTests
2020/04/27 02:22:12:501 INFO - TomcatWebServer.start Tomcat started on port(s): 8080 (http) with context path ''
2020/04/27 02:22:12:502 INFO - MercariTrainingApplication.logStarted Started MercariTrainingApplication in 1.708 seconds (JVM running for 2679.584)
2020/04/27 02:22:12:504 INFO - ConditionEvaluationDeltaLoggingListener.onApplicationEvent Condition evaluation unchanged
2020/04/27 02:22:12:690 INFO - SpringBootTestContextBootstrapper.onListenerClassNames Loaded default TestExecutionListener class names from location [META-INF/spring.factories]: [org.springframework.boot.test.mock.mockito.MockitoTestExecutionListener, org.springframework.boot.test.mock.mockito.ResetMocksTestExecutionListener, org.springframework.boot.test.autoconfigure.restdocs.RestDocsTestExecutionListener, org.springframework.boot.test.autoconfigure.web.client.MockRestServiceServerResetTestExecutionListener, org.springframework.boot.test.autoconfigure.web.servlet.MockMvcPrintOnlyOnFailureTestExecutionListener, org.springframework.boot.test.autoconfigure.web.servlet.WebDriverTestExecutionListener, org.springframework.test.context.web.ServletTestExecutionListener, org.springframework.test.context.support.DirtiesContextBeforeModesTestExecutionListener, org.springframework.test.context.support.DependencyInjectionTestExecutionListener, org.springframework.test.context.support.DirtiesContextTestExecutionListener, org.springframework.test.context.transaction.TransactionalTestExecutionListener, org.springframework.test.context.jdbc.SqlScriptsTestExecutionListener, org.springframework.test.context.event.EventPublishingTestExecutionListener, org.springframework.security.test.context.support.WithSecurityContextTestExecutionListener, org.springframework.security.test.context.support.ReactorContextTestExecutionListener]
2020/04/27 02:22:12:725 INFO - SpringBootTestContextBootstrapper.stExecutionListeners Using TestExecutionListeners: [org.springframework.test.context.web.ServletTestExecutionListener@61710c6, org.springframework.test.context.support.DirtiesContextBeforeModesTestExecutionListener@3214ee6, org.springframework.boot.test.mock.mockito.MockitoTestExecutionListener@383dc82c, org.springframework.boot.test.autoconfigure.SpringBootDependencyInjectionTestExecutionListener@4a07d605, org.springframework.test.context.support.DirtiesContextTestExecutionListener@74287ea3, org.springframework.test.context.transaction.TransactionalTestExecutionListener@7d7758be, org.springframework.test.context.jdbc.SqlScriptsTestExecutionListener@2bdd8394, org.springframework.test.context.event.EventPublishingTestExecutionListener@5f9edf14, org.springframework.security.test.context.support.WithSecurityContextTestExecutionListener@68746f22, org.springframework.security.test.context.support.ReactorContextTestExecutionListener@2f01783a, org.springframework.boot.test.mock.mockito.ResetMocksTestExecutionListener@68878f6d, org.springframework.boot.test.autoconfigure.restdocs.RestDocsTestExecutionListener@41488b16, org.springframework.boot.test.autoconfigure.web.client.MockRestServiceServerResetTestExecutionListener@a8ef162, org.springframework.boot.test.autoconfigure.web.servlet.MockMvcPrintOnlyOnFailureTestExecutionListener@2eea88a1, org.springframework.boot.test.autoconfigure.web.servlet.WebDriverTestExecutionListener@7ac296f6]
2020/04/27 02:22:13:579 INFO - MercariTrainingApplicationTests.logStarting Starting MercariTrainingApplicationTests on DESKTOP-B5V0C2I with PID 14652 (started by user in C:\env\springworkspace\mercari-training)
2020/04/27 02:22:13:582 INFO - MercariTrainingApplicationTests.ogStartupProfileInfo No active profile set, falling back to default profiles: default
2020/04/27 02:22:18:581 INFO - DefaultSecurityFilterChain.<init> Creating filter chain: Ant [pattern='/css/**'], []
2020/04/27 02:22:18:581 INFO - DefaultSecurityFilterChain.<init> Creating filter chain: Ant [pattern='/js/**'], []
2020/04/27 02:22:19:451 INFO - DefaultSecurityFilterChain.<init> Creating filter chain: any request, [org.springframework.security.web.context.request.async.WebAsyncManagerIntegrationFilter@2f4c2cd4, org.springframework.security.web.context.SecurityContextPersistenceFilter@599e4d41, org.springframework.security.web.header.HeaderWriterFilter@733aa9d8, org.springframework.security.web.csrf.CsrfFilter@799ed4e8, org.springframework.security.web.authentication.logout.LogoutFilter@dc4a691, org.springframework.security.web.authentication.UsernamePasswordAuthenticationFilter@45acdd11, org.springframework.security.web.savedrequest.RequestCacheAwareFilter@10f7c76, org.springframework.security.web.servletapi.SecurityContextHolderAwareRequestFilter@4a163575, org.springframework.security.web.authentication.AnonymousAuthenticationFilter@77a074b4, org.springframework.security.web.session.SessionManagementFilter@2b680207, org.springframework.security.web.access.ExceptionTranslationFilter@a098d76, org.springframework.security.web.access.intercept.FilterSecurityInterceptor@176996c3]
2020/04/27 02:22:19:951 INFO - ThreadPoolTaskExecutor.initialize Initializing ExecutorService 'applicationTaskExecutor'
2020/04/27 02:22:20:588 INFO - MercariTrainingApplicationTests.logStarted Started MercariTrainingApplicationTests in 7.767 seconds (JVM running for 10.61)
2020/04/27 02:22:21:151 INFO - ThreadPoolTaskExecutor.shutdown Shutting down ExecutorService 'applicationTaskExecutor'
2020/04/27 02:35:05:911 INFO - [/].log Initializing Spring DispatcherServlet 'dispatcherServlet'
2020/04/27 02:35:05:912 INFO - DispatcherServlet.initServletBean Initializing Servlet 'dispatcherServlet'
2020/04/27 02:35:05:929 INFO - DispatcherServlet.initServletBean Completed initialization in 17 ms
2020/04/27 02:35:13:214 INFO - HikariDataSource.getConnection HikariPool-1 - Starting...
2020/04/27 02:35:24:432 ERROR - HikariPool.tializationException HikariPool-1 - Exception during pool initialization.
org.postgresql.util.PSQLException: 接続試行は失敗しました。
	at org.postgresql.core.v3.ConnectionFactoryImpl.openConnectionImpl(ConnectionFactoryImpl.java:297)
	at org.postgresql.core.ConnectionFactory.openConnection(ConnectionFactory.java:49)
	at org.postgresql.jdbc.PgConnection.<init>(PgConnection.java:211)
	at org.postgresql.Driver.makeConnection(Driver.java:459)
	at org.postgresql.Driver.connect(Driver.java:261)
	at com.zaxxer.hikari.util.DriverDataSource.getConnection(DriverDataSource.java:138)
	at com.zaxxer.hikari.pool.PoolBase.newConnection(PoolBase.java:354)
	at com.zaxxer.hikari.pool.PoolBase.newPoolEntry(PoolBase.java:202)
	at com.zaxxer.hikari.pool.HikariPool.createPoolEntry(HikariPool.java:473)
	at com.zaxxer.hikari.pool.HikariPool.checkFailFast(HikariPool.java:554)
	at com.zaxxer.hikari.pool.HikariPool.<init>(HikariPool.java:115)
	at com.zaxxer.hikari.HikariDataSource.getConnection(HikariDataSource.java:112)
	at org.springframework.jdbc.datasource.DataSourceUtils.fetchConnection(DataSourceUtils.java:158)
	at org.springframework.jdbc.datasource.DataSourceUtils.doGetConnection(DataSourceUtils.java:116)
	at org.springframework.jdbc.datasource.DataSourceUtils.getConnection(DataSourceUtils.java:79)
	at org.springframework.jdbc.core.JdbcTemplate.execute(JdbcTemplate.java:612)
	at org.springframework.jdbc.core.JdbcTemplate.query(JdbcTemplate.java:669)
	at org.springframework.jdbc.core.JdbcTemplate.query(JdbcTemplate.java:694)
	at org.springframework.jdbc.core.JdbcTemplate.query(JdbcTemplate.java:748)
	at org.springframework.jdbc.core.namedparam.NamedParameterJdbcTemplate.queryForObject(NamedParameterJdbcTemplate.java:236)
	at com.example.repository.UserRepository.findByEmail(UserRepository.java:63)
	at com.example.repository.UserRepository$$FastClassBySpringCGLIB$$55d43c08.invoke(<generated>)
	at org.springframework.cglib.proxy.MethodProxy.invoke(MethodProxy.java:218)
	at org.springframework.aop.framework.CglibAopProxy$CglibMethodInvocation.invokeJoinpoint(CglibAopProxy.java:771)
	at org.springframework.aop.framework.ReflectiveMethodInvocation.proceed(ReflectiveMethodInvocation.java:163)
	at org.springframework.aop.framework.CglibAopProxy$CglibMethodInvocation.proceed(CglibAopProxy.java:749)
	at org.springframework.dao.support.PersistenceExceptionTranslationInterceptor.invoke(PersistenceExceptionTranslationInterceptor.java:139)
	at org.springframework.aop.framework.ReflectiveMethodInvocation.proceed(ReflectiveMethodInvocation.java:186)
	at org.springframework.aop.framework.CglibAopProxy$CglibMethodInvocation.proceed(CglibAopProxy.java:749)
	at org.springframework.aop.framework.CglibAopProxy$DynamicAdvisedInterceptor.intercept(CglibAopProxy.java:691)
	at com.example.repository.UserRepository$$EnhancerBySpringCGLIB$$dea41b12.findByEmail(<generated>)
	at com.example.service.MercariDetailsService.loadUserByUsername(MercariDetailsService.java:40)
	at org.springframework.security.authentication.dao.DaoAuthenticationProvider.retrieveUser(DaoAuthenticationProvider.java:108)
	at org.springframework.security.authentication.dao.AbstractUserDetailsAuthenticationProvider.authenticate(AbstractUserDetailsAuthenticationProvider.java:144)
	at org.springframework.security.authentication.ProviderManager.authenticate(ProviderManager.java:175)
	at org.springframework.security.authentication.ProviderManager.authenticate(ProviderManager.java:195)
	at org.springframework.security.web.authentication.UsernamePasswordAuthenticationFilter.attemptAuthentication(UsernamePasswordAuthenticationFilter.java:95)
	at org.springframework.security.web.authentication.AbstractAuthenticationProcessingFilter.doFilter(AbstractAuthenticationProcessingFilter.java:212)
	at org.springframework.security.web.FilterChainProxy$VirtualFilterChain.doFilter(FilterChainProxy.java:334)
	at org.springframework.security.web.authentication.logout.LogoutFilter.doFilter(LogoutFilter.java:116)
	at org.springframework.security.web.FilterChainProxy$VirtualFilterChain.doFilter(FilterChainProxy.java:334)
	at org.springframework.security.web.csrf.CsrfFilter.doFilterInternal(CsrfFilter.java:141)
	at org.springframework.web.filter.OncePerRequestFilter.doFilter(OncePerRequestFilter.java:119)
	at org.springframework.security.web.FilterChainProxy$VirtualFilterChain.doFilter(FilterChainProxy.java:334)
	at org.springframework.security.web.header.HeaderWriterFilter.doHeadersAfter(HeaderWriterFilter.java:92)
	at org.springframework.security.web.header.HeaderWriterFilter.doFilterInternal(HeaderWriterFilter.java:77)
	at org.springframework.web.filter.OncePerRequestFilter.doFilter(OncePerRequestFilter.java:119)
	at org.springframework.security.web.FilterChainProxy$VirtualFilterChain.doFilter(FilterChainProxy.java:334)
	at org.springframework.security.web.context.SecurityContextPersistenceFilter.doFilter(SecurityContextPersistenceFilter.java:105)
	at org.springframework.security.web.FilterChainProxy$VirtualFilterChain.doFilter(FilterChainProxy.java:334)
	at org.springframework.security.web.context.request.async.WebAsyncManagerIntegrationFilter.doFilterInternal(WebAsyncManagerIntegrationFilter.java:56)
	at org.springframework.web.filter.OncePerRequestFilter.doFilter(OncePerRequestFilter.java:119)
	at org.springframework.security.web.FilterChainProxy$VirtualFilterChain.doFilter(FilterChainProxy.java:334)
	at org.springframework.security.web.FilterChainProxy.doFilterInternal(FilterChainProxy.java:215)
	at org.springframework.security.web.FilterChainProxy.doFilter(FilterChainProxy.java:178)
	at org.springframework.web.filter.DelegatingFilterProxy.invokeDelegate(DelegatingFilterProxy.java:358)
	at org.springframework.web.filter.DelegatingFilterProxy.doFilter(DelegatingFilterProxy.java:271)
	at org.apache.catalina.core.ApplicationFilterChain.internalDoFilter(ApplicationFilterChain.java:193)
	at org.apache.catalina.core.ApplicationFilterChain.doFilter(ApplicationFilterChain.java:166)
	at org.springframework.web.filter.RequestContextFilter.doFilterInternal(RequestContextFilter.java:100)
	at org.springframework.web.filter.OncePerRequestFilter.doFilter(OncePerRequestFilter.java:119)
	at org.apache.catalina.core.ApplicationFilterChain.internalDoFilter(ApplicationFilterChain.java:193)
	at org.apache.catalina.core.ApplicationFilterChain.doFilter(ApplicationFilterChain.java:166)
	at org.springframework.web.filter.FormContentFilter.doFilterInternal(FormContentFilter.java:93)
	at org.springframework.web.filter.OncePerRequestFilter.doFilter(OncePerRequestFilter.java:119)
	at org.apache.catalina.core.ApplicationFilterChain.internalDoFilter(ApplicationFilterChain.java:193)
	at org.apache.catalina.core.ApplicationFilterChain.doFilter(ApplicationFilterChain.java:166)
	at org.springframework.web.filter.CharacterEncodingFilter.doFilterInternal(CharacterEncodingFilter.java:201)
	at org.springframework.web.filter.OncePerRequestFilter.doFilter(OncePerRequestFilter.java:119)
	at org.apache.catalina.core.ApplicationFilterChain.internalDoFilter(ApplicationFilterChain.java:193)
	at org.apache.catalina.core.ApplicationFilterChain.doFilter(ApplicationFilterChain.java:166)
	at org.apache.catalina.core.StandardWrapperValve.invoke(StandardWrapperValve.java:202)
	at org.apache.catalina.core.StandardContextValve.invoke(StandardContextValve.java:96)
	at org.apache.catalina.authenticator.AuthenticatorBase.invoke(AuthenticatorBase.java:541)
	at org.apache.catalina.core.StandardHostValve.invoke(StandardHostValve.java:139)
	at org.apache.catalina.valves.ErrorReportValve.invoke(ErrorReportValve.java:92)
	at org.apache.catalina.core.StandardEngineValve.invoke(StandardEngineValve.java:74)
	at org.apache.catalina.connector.CoyoteAdapter.service(CoyoteAdapter.java:343)
	at org.apache.coyote.http11.Http11Processor.service(Http11Processor.java:373)
	at org.apache.coyote.AbstractProcessorLight.process(AbstractProcessorLight.java:65)
	at org.apache.coyote.AbstractProtocol$ConnectionHandler.process(AbstractProtocol.java:868)
	at org.apache.tomcat.util.net.NioEndpoint$SocketProcessor.doRun(NioEndpoint.java:1594)
	at org.apache.tomcat.util.net.SocketProcessorBase.run(SocketProcessorBase.java:49)
	at java.util.concurrent.ThreadPoolExecutor.runWorker(Unknown Source)
	at java.util.concurrent.ThreadPoolExecutor$Worker.run(Unknown Source)
	at org.apache.tomcat.util.threads.TaskThread$WrappingRunnable.run(TaskThread.java:61)
	at java.lang.Thread.run(Unknown Source)
Caused by: java.net.SocketTimeoutException: connect timed out
	at java.net.DualStackPlainSocketImpl.waitForConnect(Native Method)
	at java.net.DualStackPlainSocketImpl.socketConnect(Unknown Source)
	at java.net.AbstractPlainSocketImpl.doConnect(Unknown Source)
	at java.net.AbstractPlainSocketImpl.connectToAddress(Unknown Source)
	at java.net.AbstractPlainSocketImpl.connect(Unknown Source)
	at java.net.PlainSocketImpl.connect(Unknown Source)
	at java.net.SocksSocketImpl.connect(Unknown Source)
	at java.net.Socket.connect(Unknown Source)
	at org.postgresql.core.PGStream.<init>(PGStream.java:81)
	at org.postgresql.core.v3.ConnectionFactoryImpl.tryConnect(ConnectionFactoryImpl.java:93)
	at org.postgresql.core.v3.ConnectionFactoryImpl.openConnectionImpl(ConnectionFactoryImpl.java:197)
	... 86 common frames omitted
2020/04/27 02:35:24:436 ERROR - UsernamePasswordAuthenticationFilter.doFilter An internal error occurred while trying to authenticate the user.
org.springframework.security.authentication.InternalAuthenticationServiceException: null
	at org.springframework.security.authentication.dao.DaoAuthenticationProvider.retrieveUser(DaoAuthenticationProvider.java:123)
	at org.springframework.security.authentication.dao.AbstractUserDetailsAuthenticationProvider.authenticate(AbstractUserDetailsAuthenticationProvider.java:144)
	at org.springframework.security.authentication.ProviderManager.authenticate(ProviderManager.java:175)
	at org.springframework.security.authentication.ProviderManager.authenticate(ProviderManager.java:195)
	at org.springframework.security.web.authentication.UsernamePasswordAuthenticationFilter.attemptAuthentication(UsernamePasswordAuthenticationFilter.java:95)
	at org.springframework.security.web.authentication.AbstractAuthenticationProcessingFilter.doFilter(AbstractAuthenticationProcessingFilter.java:212)
	at org.springframework.security.web.FilterChainProxy$VirtualFilterChain.doFilter(FilterChainProxy.java:334)
	at org.springframework.security.web.authentication.logout.LogoutFilter.doFilter(LogoutFilter.java:116)
	at org.springframework.security.web.FilterChainProxy$VirtualFilterChain.doFilter(FilterChainProxy.java:334)
	at org.springframework.security.web.csrf.CsrfFilter.doFilterInternal(CsrfFilter.java:141)
	at org.springframework.web.filter.OncePerRequestFilter.doFilter(OncePerRequestFilter.java:119)
	at org.springframework.security.web.FilterChainProxy$VirtualFilterChain.doFilter(FilterChainProxy.java:334)
	at org.springframework.security.web.header.HeaderWriterFilter.doHeadersAfter(HeaderWriterFilter.java:92)
	at org.springframework.security.web.header.HeaderWriterFilter.doFilterInternal(HeaderWriterFilter.java:77)
	at org.springframework.web.filter.OncePerRequestFilter.doFilter(OncePerRequestFilter.java:119)
	at org.springframework.security.web.FilterChainProxy$VirtualFilterChain.doFilter(FilterChainProxy.java:334)
	at org.springframework.security.web.context.SecurityContextPersistenceFilter.doFilter(SecurityContextPersistenceFilter.java:105)
	at org.springframework.security.web.FilterChainProxy$VirtualFilterChain.doFilter(FilterChainProxy.java:334)
	at org.springframework.security.web.context.request.async.WebAsyncManagerIntegrationFilter.doFilterInternal(WebAsyncManagerIntegrationFilter.java:56)
	at org.springframework.web.filter.OncePerRequestFilter.doFilter(OncePerRequestFilter.java:119)
	at org.springframework.security.web.FilterChainProxy$VirtualFilterChain.doFilter(FilterChainProxy.java:334)
	at org.springframework.security.web.FilterChainProxy.doFilterInternal(FilterChainProxy.java:215)
	at org.springframework.security.web.FilterChainProxy.doFilter(FilterChainProxy.java:178)
	at org.springframework.web.filter.DelegatingFilterProxy.invokeDelegate(DelegatingFilterProxy.java:358)
	at org.springframework.web.filter.DelegatingFilterProxy.doFilter(DelegatingFilterProxy.java:271)
	at org.apache.catalina.core.ApplicationFilterChain.internalDoFilter(ApplicationFilterChain.java:193)
	at org.apache.catalina.core.ApplicationFilterChain.doFilter(ApplicationFilterChain.java:166)
	at org.springframework.web.filter.RequestContextFilter.doFilterInternal(RequestContextFilter.java:100)
	at org.springframework.web.filter.OncePerRequestFilter.doFilter(OncePerRequestFilter.java:119)
	at org.apache.catalina.core.ApplicationFilterChain.internalDoFilter(ApplicationFilterChain.java:193)
	at org.apache.catalina.core.ApplicationFilterChain.doFilter(ApplicationFilterChain.java:166)
	at org.springframework.web.filter.FormContentFilter.doFilterInternal(FormContentFilter.java:93)
	at org.springframework.web.filter.OncePerRequestFilter.doFilter(OncePerRequestFilter.java:119)
	at org.apache.catalina.core.ApplicationFilterChain.internalDoFilter(ApplicationFilterChain.java:193)
	at org.apache.catalina.core.ApplicationFilterChain.doFilter(ApplicationFilterChain.java:166)
	at org.springframework.web.filter.CharacterEncodingFilter.doFilterInternal(CharacterEncodingFilter.java:201)
	at org.springframework.web.filter.OncePerRequestFilter.doFilter(OncePerRequestFilter.java:119)
	at org.apache.catalina.core.ApplicationFilterChain.internalDoFilter(ApplicationFilterChain.java:193)
	at org.apache.catalina.core.ApplicationFilterChain.doFilter(ApplicationFilterChain.java:166)
	at org.apache.catalina.core.StandardWrapperValve.invoke(StandardWrapperValve.java:202)
	at org.apache.catalina.core.StandardContextValve.invoke(StandardContextValve.java:96)
	at org.apache.catalina.authenticator.AuthenticatorBase.invoke(AuthenticatorBase.java:541)
	at org.apache.catalina.core.StandardHostValve.invoke(StandardHostValve.java:139)
	at org.apache.catalina.valves.ErrorReportValve.invoke(ErrorReportValve.java:92)
	at org.apache.catalina.core.StandardEngineValve.invoke(StandardEngineValve.java:74)
	at org.apache.catalina.connector.CoyoteAdapter.service(CoyoteAdapter.java:343)
	at org.apache.coyote.http11.Http11Processor.service(Http11Processor.java:373)
	at org.apache.coyote.AbstractProcessorLight.process(AbstractProcessorLight.java:65)
	at org.apache.coyote.AbstractProtocol$ConnectionHandler.process(AbstractProtocol.java:868)
	at org.apache.tomcat.util.net.NioEndpoint$SocketProcessor.doRun(NioEndpoint.java:1594)
	at org.apache.tomcat.util.net.SocketProcessorBase.run(SocketProcessorBase.java:49)
	at java.util.concurrent.ThreadPoolExecutor.runWorker(Unknown Source)
	at java.util.concurrent.ThreadPoolExecutor$Worker.run(Unknown Source)
	at org.apache.tomcat.util.threads.TaskThread$WrappingRunnable.run(TaskThread.java:61)
	at java.lang.Thread.run(Unknown Source)
Caused by: java.lang.NullPointerException: null
	at com.example.service.MercariDetailsService.loadUserByUsername(MercariDetailsService.java:47)
	at org.springframework.security.authentication.dao.DaoAuthenticationProvider.retrieveUser(DaoAuthenticationProvider.java:108)
	... 54 common frames omitted
2020/04/27 03:07:56:131 INFO - ThreadPoolTaskExecutor.shutdown Shutting down ExecutorService 'applicationTaskExecutor'
2020/04/27 03:07:56:960 INFO - MercariTrainingApplication.logStarting Starting MercariTrainingApplication on DESKTOP-B5V0C2I with PID 16684 (C:\env\springworkspace\mercari-training\target\classes started by user in C:\env\springworkspace\mercari-training)
2020/04/27 03:07:56:961 INFO - MercariTrainingApplication.ogStartupProfileInfo No active profile set, falling back to default profiles: default
2020/04/27 03:07:57:546 INFO - TomcatWebServer.initialize Tomcat initialized with port(s): 8080 (http)
2020/04/27 03:07:57:547 INFO - StandardService.log Starting service [Tomcat]
2020/04/27 03:07:57:547 INFO - StandardEngine.log Starting Servlet engine: [Apache Tomcat/9.0.33]
2020/04/27 03:07:57:566 INFO - [/].log Initializing Spring embedded WebApplicationContext
2020/04/27 03:07:57:567 INFO - ContextLoader.ebApplicationContext Root WebApplicationContext: initialization completed in 603 ms
2020/04/27 03:07:57:837 INFO - DefaultSecurityFilterChain.<init> Creating filter chain: Ant [pattern='/css/**'], []
2020/04/27 03:07:57:842 INFO - DefaultSecurityFilterChain.<init> Creating filter chain: Ant [pattern='/js/**'], []
2020/04/27 03:07:57:869 INFO - DefaultSecurityFilterChain.<init> Creating filter chain: any request, [org.springframework.security.web.context.request.async.WebAsyncManagerIntegrationFilter@480a9dd8, org.springframework.security.web.context.SecurityContextPersistenceFilter@2d38d596, org.springframework.security.web.header.HeaderWriterFilter@3ebd5dce, org.springframework.security.web.authentication.logout.LogoutFilter@311181c8, org.springframework.security.web.authentication.UsernamePasswordAuthenticationFilter@4a36e96e, org.springframework.security.web.savedrequest.RequestCacheAwareFilter@2dd024ed, org.springframework.security.web.servletapi.SecurityContextHolderAwareRequestFilter@79d75fb4, org.springframework.security.web.authentication.AnonymousAuthenticationFilter@7e74260f, org.springframework.security.web.session.SessionManagementFilter@24d0e949, org.springframework.security.web.access.ExceptionTranslationFilter@500a0c50, org.springframework.security.web.access.intercept.FilterSecurityInterceptor@1b930302]
2020/04/27 03:07:57:916 INFO - ThreadPoolTaskExecutor.initialize Initializing ExecutorService 'applicationTaskExecutor'
2020/04/27 03:07:58:017 INFO - OptionalLiveReloadServer.startServer LiveReload server is running on port 35729
2020/04/27 03:07:58:050 INFO - TomcatWebServer.start Tomcat started on port(s): 8080 (http) with context path ''
2020/04/27 03:07:58:051 INFO - MercariTrainingApplication.logStarted Started MercariTrainingApplication in 1.168 seconds (JVM running for 5425.133)
2020/04/27 03:07:58:052 INFO - ConditionEvaluationDeltaLoggingListener.onApplicationEvent Condition evaluation unchanged
2020/04/27 03:08:07:123 INFO - [/].log Initializing Spring DispatcherServlet 'dispatcherServlet'
2020/04/27 03:08:07:124 INFO - DispatcherServlet.initServletBean Initializing Servlet 'dispatcherServlet'
2020/04/27 03:08:07:130 INFO - DispatcherServlet.initServletBean Completed initialization in 4 ms
2020/04/27 03:08:33:137 INFO - MercariTrainingApplication.logStarting Starting MercariTrainingApplication on DESKTOP-B5V0C2I with PID 9808 (C:\env\springworkspace\mercari-training\target\classes started by user in C:\env\springworkspace\mercari-training)
2020/04/27 03:08:33:137 INFO - MercariTrainingApplication.ogStartupProfileInfo No active profile set, falling back to default profiles: default
2020/04/27 03:08:33:247 INFO - DevToolsPropertyDefaultsPostProcessor.logTo Devtools property defaults active! Set 'spring.devtools.add-properties' to 'false' to disable
2020/04/27 03:08:33:247 INFO - DevToolsPropertyDefaultsPostProcessor.logTo For additional web related logging consider setting the 'logging.level.web' property to 'DEBUG'
2020/04/27 03:08:34:670 INFO - TomcatWebServer.initialize Tomcat initialized with port(s): 8080 (http)
2020/04/27 03:08:34:683 INFO - StandardService.log Starting service [Tomcat]
2020/04/27 03:08:34:683 INFO - StandardEngine.log Starting Servlet engine: [Apache Tomcat/9.0.33]
2020/04/27 03:08:34:850 INFO - [/].log Initializing Spring embedded WebApplicationContext
2020/04/27 03:08:34:851 INFO - ContextLoader.ebApplicationContext Root WebApplicationContext: initialization completed in 1604 ms
2020/04/27 03:08:35:498 INFO - DefaultSecurityFilterChain.<init> Creating filter chain: Ant [pattern='/css/**'], []
2020/04/27 03:08:35:498 INFO - DefaultSecurityFilterChain.<init> Creating filter chain: Ant [pattern='/js/**'], []
2020/04/27 03:08:35:529 INFO - DefaultSecurityFilterChain.<init> Creating filter chain: any request, [org.springframework.security.web.context.request.async.WebAsyncManagerIntegrationFilter@7eb0aaab, org.springframework.security.web.context.SecurityContextPersistenceFilter@3e84c795, org.springframework.security.web.header.HeaderWriterFilter@7e352fd9, org.springframework.security.web.authentication.logout.LogoutFilter@515a4102, org.springframework.security.web.authentication.UsernamePasswordAuthenticationFilter@4aeb43bd, org.springframework.security.web.savedrequest.RequestCacheAwareFilter@473dae37, org.springframework.security.web.servletapi.SecurityContextHolderAwareRequestFilter@17ee15f6, org.springframework.security.web.authentication.AnonymousAuthenticationFilter@6ed6e86b, org.springframework.security.web.session.SessionManagementFilter@49fd9cb, org.springframework.security.web.access.ExceptionTranslationFilter@4ce9c48f, org.springframework.security.web.access.intercept.FilterSecurityInterceptor@55f70aa7]
2020/04/27 03:08:35:591 INFO - ThreadPoolTaskExecutor.initialize Initializing ExecutorService 'applicationTaskExecutor'
2020/04/27 03:08:35:873 WARN - OptionalLiveReloadServer.startServer Unable to start LiveReload server
2020/04/27 03:08:35:904 INFO - StandardService.log Stopping service [Tomcat]
2020/04/27 03:08:35:920 INFO - ConditionEvaluationReportLoggingListener.logMessage 

Error starting ApplicationContext. To display the conditions report re-run your application with 'debug' enabled.
2020/04/27 03:08:35:920 ERROR - LoggingFailureAnalysisReporter.report 

***************************
APPLICATION FAILED TO START
***************************

Description:

Web server failed to start. Port 8080 was already in use.

Action:

Identify and stop the process that's listening on port 8080 or configure this application to listen on another port.

2020/04/27 03:08:35:920 INFO - ThreadPoolTaskExecutor.shutdown Shutting down ExecutorService 'applicationTaskExecutor'
2020/04/27 03:09:16:373 INFO - ThreadPoolTaskExecutor.shutdown Shutting down ExecutorService 'applicationTaskExecutor'
2020/04/27 03:09:17:567 INFO - MercariTrainingApplication.logStarting Starting MercariTrainingApplication on DESKTOP-B5V0C2I with PID 16684 (C:\env\springworkspace\mercari-training\target\classes started by user in C:\env\springworkspace\mercari-training)
2020/04/27 03:09:17:567 INFO - MercariTrainingApplication.ogStartupProfileInfo No active profile set, falling back to default profiles: default
2020/04/27 03:09:18:567 INFO - TomcatWebServer.initialize Tomcat initialized with port(s): 8080 (http)
2020/04/27 03:09:18:567 INFO - StandardService.log Starting service [Tomcat]
2020/04/27 03:09:18:567 INFO - StandardEngine.log Starting Servlet engine: [Apache Tomcat/9.0.33]
2020/04/27 03:09:18:598 INFO - [/].log Initializing Spring embedded WebApplicationContext
2020/04/27 03:09:18:598 INFO - ContextLoader.ebApplicationContext Root WebApplicationContext: initialization completed in 1031 ms
2020/04/27 03:09:18:708 INFO - SpringBootTestContextBootstrapper.ContextConfiguration Neither @ContextConfiguration nor @ContextHierarchy found for test class [com.example.MercariTrainingApplicationTests], using SpringBootContextLoader
2020/04/27 03:09:18:739 INFO - AbstractContextLoader.rateDefaultLocations Could not detect default resource locations for test class [com.example.MercariTrainingApplicationTests]: no resource found for suffixes {-context.xml, Context.groovy}.
2020/04/27 03:09:18:739 INFO - AnnotationConfigContextLoaderUtils.ConfigurationClasses Could not detect default configuration classes for test class [com.example.MercariTrainingApplicationTests]: MercariTrainingApplicationTests does not declare any static, non-private, non-final, nested classes annotated with @Configuration.
2020/04/27 03:09:18:942 INFO - DefaultSecurityFilterChain.<init> Creating filter chain: Ant [pattern='/css/**'], []
2020/04/27 03:09:18:942 INFO - DefaultSecurityFilterChain.<init> Creating filter chain: Ant [pattern='/js/**'], []
2020/04/27 03:09:18:958 INFO - DefaultSecurityFilterChain.<init> Creating filter chain: any request, [org.springframework.security.web.context.request.async.WebAsyncManagerIntegrationFilter@b8260d2, org.springframework.security.web.context.SecurityContextPersistenceFilter@2e8e2b29, org.springframework.security.web.header.HeaderWriterFilter@424dd9fe, org.springframework.security.web.authentication.logout.LogoutFilter@5c52fa51, org.springframework.security.web.authentication.UsernamePasswordAuthenticationFilter@63c96f0c, org.springframework.security.web.savedrequest.RequestCacheAwareFilter@17291192, org.springframework.security.web.servletapi.SecurityContextHolderAwareRequestFilter@3b07a8a0, org.springframework.security.web.authentication.AnonymousAuthenticationFilter@10980c6d, org.springframework.security.web.session.SessionManagementFilter@19c43434, org.springframework.security.web.access.ExceptionTranslationFilter@1ad4794b, org.springframework.security.web.access.intercept.FilterSecurityInterceptor@bc87630]
2020/04/27 03:09:18:989 INFO - ThreadPoolTaskExecutor.initialize Initializing ExecutorService 'applicationTaskExecutor'
2020/04/27 03:09:19:067 INFO - SpringBootTestContextBootstrapper.ConfigurationClasses Found @SpringBootConfiguration com.example.MercariTrainingApplication for test class com.example.MercariTrainingApplicationTests
2020/04/27 03:09:19:083 INFO - OptionalLiveReloadServer.startServer LiveReload server is running on port 35729
2020/04/27 03:09:19:130 INFO - TomcatWebServer.start Tomcat started on port(s): 8080 (http) with context path ''
2020/04/27 03:09:19:130 INFO - MercariTrainingApplication.logStarted Started MercariTrainingApplication in 1.661 seconds (JVM running for 5506.214)
2020/04/27 03:09:19:130 INFO - ConditionEvaluationDeltaLoggingListener.onApplicationEvent Condition evaluation unchanged
2020/04/27 03:09:19:255 INFO - SpringBootTestContextBootstrapper.onListenerClassNames Loaded default TestExecutionListener class names from location [META-INF/spring.factories]: [org.springframework.boot.test.mock.mockito.MockitoTestExecutionListener, org.springframework.boot.test.mock.mockito.ResetMocksTestExecutionListener, org.springframework.boot.test.autoconfigure.restdocs.RestDocsTestExecutionListener, org.springframework.boot.test.autoconfigure.web.client.MockRestServiceServerResetTestExecutionListener, org.springframework.boot.test.autoconfigure.web.servlet.MockMvcPrintOnlyOnFailureTestExecutionListener, org.springframework.boot.test.autoconfigure.web.servlet.WebDriverTestExecutionListener, org.springframework.test.context.web.ServletTestExecutionListener, org.springframework.test.context.support.DirtiesContextBeforeModesTestExecutionListener, org.springframework.test.context.support.DependencyInjectionTestExecutionListener, org.springframework.test.context.support.DirtiesContextTestExecutionListener, org.springframework.test.context.transaction.TransactionalTestExecutionListener, org.springframework.test.context.jdbc.SqlScriptsTestExecutionListener, org.springframework.test.context.event.EventPublishingTestExecutionListener, org.springframework.security.test.context.support.WithSecurityContextTestExecutionListener, org.springframework.security.test.context.support.ReactorContextTestExecutionListener]
2020/04/27 03:09:19:286 INFO - SpringBootTestContextBootstrapper.stExecutionListeners Using TestExecutionListeners: [org.springframework.test.context.web.ServletTestExecutionListener@4b8729ff, org.springframework.test.context.support.DirtiesContextBeforeModesTestExecutionListener@61710c6, org.springframework.boot.test.mock.mockito.MockitoTestExecutionListener@3214ee6, org.springframework.boot.test.autoconfigure.SpringBootDependencyInjectionTestExecutionListener@383dc82c, org.springframework.test.context.support.DirtiesContextTestExecutionListener@4a07d605, org.springframework.test.context.transaction.TransactionalTestExecutionListener@74287ea3, org.springframework.test.context.jdbc.SqlScriptsTestExecutionListener@7d7758be, org.springframework.test.context.event.EventPublishingTestExecutionListener@2bdd8394, org.springframework.security.test.context.support.WithSecurityContextTestExecutionListener@5f9edf14, org.springframework.security.test.context.support.ReactorContextTestExecutionListener@68746f22, org.springframework.boot.test.mock.mockito.ResetMocksTestExecutionListener@2f01783a, org.springframework.boot.test.autoconfigure.restdocs.RestDocsTestExecutionListener@68878f6d, org.springframework.boot.test.autoconfigure.web.client.MockRestServiceServerResetTestExecutionListener@41488b16, org.springframework.boot.test.autoconfigure.web.servlet.MockMvcPrintOnlyOnFailureTestExecutionListener@a8ef162, org.springframework.boot.test.autoconfigure.web.servlet.WebDriverTestExecutionListener@2eea88a1]
2020/04/27 03:09:20:186 INFO - MercariTrainingApplicationTests.logStarting Starting MercariTrainingApplicationTests on DESKTOP-B5V0C2I with PID 23644 (started by user in C:\env\springworkspace\mercari-training)
2020/04/27 03:09:20:186 INFO - MercariTrainingApplicationTests.ogStartupProfileInfo No active profile set, falling back to default profiles: default
2020/04/27 03:09:25:405 INFO - DefaultSecurityFilterChain.<init> Creating filter chain: Ant [pattern='/css/**'], []
2020/04/27 03:09:25:405 INFO - DefaultSecurityFilterChain.<init> Creating filter chain: Ant [pattern='/js/**'], []
2020/04/27 03:09:26:171 INFO - DefaultSecurityFilterChain.<init> Creating filter chain: any request, [org.springframework.security.web.context.request.async.WebAsyncManagerIntegrationFilter@2f4c2cd4, org.springframework.security.web.context.SecurityContextPersistenceFilter@599e4d41, org.springframework.security.web.header.HeaderWriterFilter@733aa9d8, org.springframework.security.web.authentication.logout.LogoutFilter@dc4a691, org.springframework.security.web.authentication.UsernamePasswordAuthenticationFilter@45acdd11, org.springframework.security.web.savedrequest.RequestCacheAwareFilter@10f7c76, org.springframework.security.web.servletapi.SecurityContextHolderAwareRequestFilter@4a163575, org.springframework.security.web.authentication.AnonymousAuthenticationFilter@77a074b4, org.springframework.security.web.session.SessionManagementFilter@2b680207, org.springframework.security.web.access.ExceptionTranslationFilter@121bb45b, org.springframework.security.web.access.intercept.FilterSecurityInterceptor@176996c3]
2020/04/27 03:09:26:624 INFO - ThreadPoolTaskExecutor.initialize Initializing ExecutorService 'applicationTaskExecutor'
2020/04/27 03:09:27:342 INFO - MercariTrainingApplicationTests.logStarted Started MercariTrainingApplicationTests in 7.991 seconds (JVM running for 10.95)
2020/04/27 03:09:28:537 INFO - ThreadPoolTaskExecutor.shutdown Shutting down ExecutorService 'applicationTaskExecutor'
2020/04/27 03:58:36:219 INFO - ThreadPoolTaskExecutor.shutdown Shutting down ExecutorService 'applicationTaskExecutor'
2020/04/27 03:58:36:893 INFO - MercariTrainingApplication.logStarting Starting MercariTrainingApplication on DESKTOP-B5V0C2I with PID 16684 (C:\env\springworkspace\mercari-training\target\classes started by user in C:\env\springworkspace\mercari-training)
2020/04/27 03:58:36:893 INFO - MercariTrainingApplication.ogStartupProfileInfo No active profile set, falling back to default profiles: default
2020/04/27 03:58:37:393 INFO - TomcatWebServer.initialize Tomcat initialized with port(s): 8080 (http)
2020/04/27 03:58:37:393 INFO - StandardService.log Starting service [Tomcat]
2020/04/27 03:58:37:408 INFO - StandardEngine.log Starting Servlet engine: [Apache Tomcat/9.0.33]
2020/04/27 03:58:37:426 INFO - [/].log Initializing Spring embedded WebApplicationContext
2020/04/27 03:58:37:426 INFO - ContextLoader.ebApplicationContext Root WebApplicationContext: initialization completed in 533 ms
2020/04/27 03:58:37:595 INFO - DefaultSecurityFilterChain.<init> Creating filter chain: Ant [pattern='/css/**'], []
2020/04/27 03:58:37:595 INFO - DefaultSecurityFilterChain.<init> Creating filter chain: Ant [pattern='/js/**'], []
2020/04/27 03:58:37:608 INFO - DefaultSecurityFilterChain.<init> Creating filter chain: any request, [org.springframework.security.web.context.request.async.WebAsyncManagerIntegrationFilter@4cbc219a, org.springframework.security.web.context.SecurityContextPersistenceFilter@21bdd19d, org.springframework.security.web.header.HeaderWriterFilter@60b0643b, org.springframework.security.web.authentication.logout.LogoutFilter@7fead9a3, org.springframework.security.web.authentication.UsernamePasswordAuthenticationFilter@41a39901, org.springframework.security.web.savedrequest.RequestCacheAwareFilter@4d9dfff4, org.springframework.security.web.servletapi.SecurityContextHolderAwareRequestFilter@2eefcbc0, org.springframework.security.web.authentication.AnonymousAuthenticationFilter@6560eeaa, org.springframework.security.web.session.SessionManagementFilter@2886dc74, org.springframework.security.web.access.ExceptionTranslationFilter@5fd3628, org.springframework.security.web.access.intercept.FilterSecurityInterceptor@4f9101ce]
2020/04/27 03:58:37:634 INFO - ThreadPoolTaskExecutor.initialize Initializing ExecutorService 'applicationTaskExecutor'
2020/04/27 03:58:37:707 INFO - OptionalLiveReloadServer.startServer LiveReload server is running on port 35729
2020/04/27 03:58:37:738 INFO - TomcatWebServer.start Tomcat started on port(s): 8080 (http) with context path ''
2020/04/27 03:58:37:739 INFO - MercariTrainingApplication.logStarted Started MercariTrainingApplication in 0.903 seconds (JVM running for 8464.822)
2020/04/27 03:58:37:740 INFO - ConditionEvaluationDeltaLoggingListener.onApplicationEvent Condition evaluation unchanged
2020/04/27 04:01:18:089 INFO - ThreadPoolTaskExecutor.shutdown Shutting down ExecutorService 'applicationTaskExecutor'
2020/04/27 04:01:18:686 INFO - MercariTrainingApplication.logStarting Starting MercariTrainingApplication on DESKTOP-B5V0C2I with PID 16684 (C:\env\springworkspace\mercari-training\target\classes started by user in C:\env\springworkspace\mercari-training)
2020/04/27 04:01:18:687 INFO - MercariTrainingApplication.ogStartupProfileInfo No active profile set, falling back to default profiles: default
2020/04/27 04:01:19:110 INFO - TomcatWebServer.initialize Tomcat initialized with port(s): 8080 (http)
2020/04/27 04:01:19:111 INFO - StandardService.log Starting service [Tomcat]
2020/04/27 04:01:19:111 INFO - StandardEngine.log Starting Servlet engine: [Apache Tomcat/9.0.33]
2020/04/27 04:01:19:126 INFO - [/].log Initializing Spring embedded WebApplicationContext
2020/04/27 04:01:19:127 INFO - ContextLoader.ebApplicationContext Root WebApplicationContext: initialization completed in 436 ms
2020/04/27 04:01:19:279 INFO - DefaultSecurityFilterChain.<init> Creating filter chain: Ant [pattern='/css/**'], []
2020/04/27 04:01:19:279 INFO - DefaultSecurityFilterChain.<init> Creating filter chain: Ant [pattern='/js/**'], []
2020/04/27 04:01:19:279 INFO - DefaultSecurityFilterChain.<init> Creating filter chain: any request, [org.springframework.security.web.context.request.async.WebAsyncManagerIntegrationFilter@6f9bedea, org.springframework.security.web.context.SecurityContextPersistenceFilter@701aa7b5, org.springframework.security.web.header.HeaderWriterFilter@2f744951, org.springframework.security.web.authentication.logout.LogoutFilter@3784e5d7, org.springframework.security.web.authentication.UsernamePasswordAuthenticationFilter@58a71f08, org.springframework.security.web.savedrequest.RequestCacheAwareFilter@a2226fc, org.springframework.security.web.servletapi.SecurityContextHolderAwareRequestFilter@791c828, org.springframework.security.web.authentication.AnonymousAuthenticationFilter@3bbb65b, org.springframework.security.web.session.SessionManagementFilter@5da90572, org.springframework.security.web.access.ExceptionTranslationFilter@96e6597, org.springframework.security.web.access.intercept.FilterSecurityInterceptor@6d5c875e]
2020/04/27 04:01:19:295 INFO - ThreadPoolTaskExecutor.initialize Initializing ExecutorService 'applicationTaskExecutor'
2020/04/27 04:01:19:373 INFO - OptionalLiveReloadServer.startServer LiveReload server is running on port 35729
2020/04/27 04:01:19:404 INFO - TomcatWebServer.start Tomcat started on port(s): 8080 (http) with context path ''
2020/04/27 04:01:19:404 INFO - MercariTrainingApplication.logStarted Started MercariTrainingApplication in 0.784 seconds (JVM running for 8626.496)
2020/04/27 04:01:19:420 INFO - ConditionEvaluationDeltaLoggingListener.onApplicationEvent Condition evaluation unchanged
2020/04/27 04:01:24:436 INFO - [/].log Initializing Spring DispatcherServlet 'dispatcherServlet'
2020/04/27 04:01:24:440 INFO - DispatcherServlet.initServletBean Initializing Servlet 'dispatcherServlet'
2020/04/27 04:01:24:446 INFO - DispatcherServlet.initServletBean Completed initialization in 6 ms
2020/04/27 04:01:33:190 INFO - HikariDataSource.getConnection HikariPool-2 - Starting...
2020/04/27 04:01:33:375 INFO - HikariDataSource.getConnection HikariPool-2 - Start completed.
2020/04/27 04:02:09:616 INFO - ThreadPoolTaskExecutor.shutdown Shutting down ExecutorService 'applicationTaskExecutor'
2020/04/27 04:02:09:616 INFO - HikariDataSource.close HikariPool-2 - Shutdown initiated...
2020/04/27 04:02:09:632 INFO - HikariDataSource.close HikariPool-2 - Shutdown completed.
2020/04/27 04:28:20:540 INFO - MercariTrainingApplication.logStarting Starting MercariTrainingApplication on DESKTOP-B5V0C2I with PID 21104 (C:\env\springworkspace\mercari-training\target\classes started by user in C:\env\springworkspace\mercari-training)
2020/04/27 04:28:20:540 INFO - MercariTrainingApplication.ogStartupProfileInfo No active profile set, falling back to default profiles: default
2020/04/27 04:28:20:978 INFO - TomcatWebServer.initialize Tomcat initialized with port(s): 8080 (http)
2020/04/27 04:28:20:978 INFO - StandardService.log Starting service [Tomcat]
2020/04/27 04:28:20:978 INFO - StandardEngine.log Starting Servlet engine: [Apache Tomcat/9.0.33]
2020/04/27 04:28:20:994 INFO - [/].log Initializing Spring embedded WebApplicationContext
2020/04/27 04:28:20:994 INFO - ContextLoader.ebApplicationContext Root WebApplicationContext: initialization completed in 454 ms
2020/04/27 04:28:21:150 INFO - DefaultSecurityFilterChain.<init> Creating filter chain: Ant [pattern='/css/**'], []
2020/04/27 04:28:21:150 INFO - DefaultSecurityFilterChain.<init> Creating filter chain: Ant [pattern='/js/**'], []
2020/04/27 04:28:21:165 INFO - DefaultSecurityFilterChain.<init> Creating filter chain: any request, [org.springframework.security.web.context.request.async.WebAsyncManagerIntegrationFilter@35eb24a, org.springframework.security.web.context.SecurityContextPersistenceFilter@2c6cb5ce, org.springframework.security.web.header.HeaderWriterFilter@4a9fdbd5, org.springframework.security.web.authentication.logout.LogoutFilter@184034e6, org.springframework.security.web.authentication.UsernamePasswordAuthenticationFilter@21518de4, org.springframework.security.web.savedrequest.RequestCacheAwareFilter@1a01dd1c, org.springframework.security.web.servletapi.SecurityContextHolderAwareRequestFilter@2ef4fcfa, org.springframework.security.web.authentication.AnonymousAuthenticationFilter@4a656fae, org.springframework.security.web.session.SessionManagementFilter@47c700e0, org.springframework.security.web.access.ExceptionTranslationFilter@7128ee79, org.springframework.security.web.access.intercept.FilterSecurityInterceptor@47e875f8]
2020/04/27 04:28:21:181 INFO - ThreadPoolTaskExecutor.initialize Initializing ExecutorService 'applicationTaskExecutor'
2020/04/27 04:28:21:244 INFO - OptionalLiveReloadServer.startServer LiveReload server is running on port 35729
2020/04/27 04:28:21:259 INFO - TomcatWebServer.start Tomcat started on port(s): 8080 (http) with context path ''
2020/04/27 04:28:21:259 INFO - MercariTrainingApplication.logStarted Started MercariTrainingApplication in 0.773 seconds (JVM running for 550.755)
2020/04/27 04:28:21:259 INFO - ConditionEvaluationDeltaLoggingListener.onApplicationEvent Condition evaluation unchanged
2020/04/27 04:28:52:871 INFO - ThreadPoolTaskExecutor.shutdown Shutting down ExecutorService 'applicationTaskExecutor'
2020/04/27 04:28:54:031 INFO - MercariTrainingApplication.logStarting Starting MercariTrainingApplication on DESKTOP-B5V0C2I with PID 21104 (C:\env\springworkspace\mercari-training\target\classes started by user in C:\env\springworkspace\mercari-training)
2020/04/27 04:28:54:031 INFO - MercariTrainingApplication.ogStartupProfileInfo No active profile set, falling back to default profiles: default
2020/04/27 04:28:55:016 INFO - TomcatWebServer.initialize Tomcat initialized with port(s): 8080 (http)
2020/04/27 04:28:55:016 INFO - StandardService.log Starting service [Tomcat]
2020/04/27 04:28:55:016 INFO - StandardEngine.log Starting Servlet engine: [Apache Tomcat/9.0.33]
2020/04/27 04:28:55:047 INFO - [/].log Initializing Spring embedded WebApplicationContext
2020/04/27 04:28:55:047 INFO - ContextLoader.ebApplicationContext Root WebApplicationContext: initialization completed in 1016 ms
2020/04/27 04:28:55:381 INFO - DefaultSecurityFilterChain.<init> Creating filter chain: Ant [pattern='/css/**'], []
2020/04/27 04:28:55:381 INFO - DefaultSecurityFilterChain.<init> Creating filter chain: Ant [pattern='/js/**'], []
2020/04/27 04:28:55:397 INFO - DefaultSecurityFilterChain.<init> Creating filter chain: any request, [org.springframework.security.web.context.request.async.WebAsyncManagerIntegrationFilter@12d0d0e6, org.springframework.security.web.context.SecurityContextPersistenceFilter@31e22776, org.springframework.security.web.header.HeaderWriterFilter@5dfa26a9, org.springframework.security.web.authentication.logout.LogoutFilter@55da2e8c, org.springframework.security.web.authentication.UsernamePasswordAuthenticationFilter@16bd5968, org.springframework.security.web.savedrequest.RequestCacheAwareFilter@6d904882, org.springframework.security.web.servletapi.SecurityContextHolderAwareRequestFilter@61d3e4f7, org.springframework.security.web.authentication.AnonymousAuthenticationFilter@4f438965, org.springframework.security.web.session.SessionManagementFilter@2e775266, org.springframework.security.web.access.ExceptionTranslationFilter@4dd23f8f, org.springframework.security.web.access.intercept.FilterSecurityInterceptor@144d07c6]
2020/04/27 04:28:55:444 INFO - ThreadPoolTaskExecutor.initialize Initializing ExecutorService 'applicationTaskExecutor'
2020/04/27 04:28:55:569 INFO - OptionalLiveReloadServer.startServer LiveReload server is running on port 35729
2020/04/27 04:28:55:615 INFO - TomcatWebServer.start Tomcat started on port(s): 8080 (http) with context path ''
2020/04/27 04:28:55:615 INFO - MercariTrainingApplication.logStarted Started MercariTrainingApplication in 1.66 seconds (JVM running for 585.104)
2020/04/27 04:28:55:615 INFO - ConditionEvaluationDeltaLoggingListener.onApplicationEvent Condition evaluation unchanged
2020/04/27 04:28:55:818 INFO - SpringBootTestContextBootstrapper.ContextConfiguration Neither @ContextConfiguration nor @ContextHierarchy found for test class [com.example.MercariTrainingApplicationTests], using SpringBootContextLoader
2020/04/27 04:28:55:840 INFO - AbstractContextLoader.rateDefaultLocations Could not detect default resource locations for test class [com.example.MercariTrainingApplicationTests]: no resource found for suffixes {-context.xml, Context.groovy}.
2020/04/27 04:28:55:842 INFO - AnnotationConfigContextLoaderUtils.ConfigurationClasses Could not detect default configuration classes for test class [com.example.MercariTrainingApplicationTests]: MercariTrainingApplicationTests does not declare any static, non-private, non-final, nested classes annotated with @Configuration.
2020/04/27 04:28:56:209 INFO - SpringBootTestContextBootstrapper.ConfigurationClasses Found @SpringBootConfiguration com.example.MercariTrainingApplication for test class com.example.MercariTrainingApplicationTests
2020/04/27 04:28:56:459 INFO - SpringBootTestContextBootstrapper.onListenerClassNames Loaded default TestExecutionListener class names from location [META-INF/spring.factories]: [org.springframework.boot.test.mock.mockito.MockitoTestExecutionListener, org.springframework.boot.test.mock.mockito.ResetMocksTestExecutionListener, org.springframework.boot.test.autoconfigure.restdocs.RestDocsTestExecutionListener, org.springframework.boot.test.autoconfigure.web.client.MockRestServiceServerResetTestExecutionListener, org.springframework.boot.test.autoconfigure.web.servlet.MockMvcPrintOnlyOnFailureTestExecutionListener, org.springframework.boot.test.autoconfigure.web.servlet.WebDriverTestExecutionListener, org.springframework.test.context.web.ServletTestExecutionListener, org.springframework.test.context.support.DirtiesContextBeforeModesTestExecutionListener, org.springframework.test.context.support.DependencyInjectionTestExecutionListener, org.springframework.test.context.support.DirtiesContextTestExecutionListener, org.springframework.test.context.transaction.TransactionalTestExecutionListener, org.springframework.test.context.jdbc.SqlScriptsTestExecutionListener, org.springframework.test.context.event.EventPublishingTestExecutionListener, org.springframework.security.test.context.support.WithSecurityContextTestExecutionListener, org.springframework.security.test.context.support.ReactorContextTestExecutionListener]
2020/04/27 04:28:56:506 INFO - SpringBootTestContextBootstrapper.stExecutionListeners Using TestExecutionListeners: [org.springframework.test.context.web.ServletTestExecutionListener@61710c6, org.springframework.test.context.support.DirtiesContextBeforeModesTestExecutionListener@3214ee6, org.springframework.boot.test.mock.mockito.MockitoTestExecutionListener@383dc82c, org.springframework.boot.test.autoconfigure.SpringBootDependencyInjectionTestExecutionListener@4a07d605, org.springframework.test.context.support.DirtiesContextTestExecutionListener@74287ea3, org.springframework.test.context.transaction.TransactionalTestExecutionListener@7d7758be, org.springframework.test.context.jdbc.SqlScriptsTestExecutionListener@2bdd8394, org.springframework.test.context.event.EventPublishingTestExecutionListener@5f9edf14, org.springframework.security.test.context.support.WithSecurityContextTestExecutionListener@68746f22, org.springframework.security.test.context.support.ReactorContextTestExecutionListener@2f01783a, org.springframework.boot.test.mock.mockito.ResetMocksTestExecutionListener@68878f6d, org.springframework.boot.test.autoconfigure.restdocs.RestDocsTestExecutionListener@41488b16, org.springframework.boot.test.autoconfigure.web.client.MockRestServiceServerResetTestExecutionListener@a8ef162, org.springframework.boot.test.autoconfigure.web.servlet.MockMvcPrintOnlyOnFailureTestExecutionListener@2eea88a1, org.springframework.boot.test.autoconfigure.web.servlet.WebDriverTestExecutionListener@7ac296f6]
2020/04/27 04:28:57:343 INFO - MercariTrainingApplicationTests.logStarting Starting MercariTrainingApplicationTests on DESKTOP-B5V0C2I with PID 29256 (started by user in C:\env\springworkspace\mercari-training)
2020/04/27 04:28:57:343 INFO - MercariTrainingApplicationTests.ogStartupProfileInfo No active profile set, falling back to default profiles: default
2020/04/27 04:29:01:916 INFO - DefaultSecurityFilterChain.<init> Creating filter chain: Ant [pattern='/css/**'], []
2020/04/27 04:29:01:916 INFO - DefaultSecurityFilterChain.<init> Creating filter chain: Ant [pattern='/js/**'], []
2020/04/27 04:29:02:818 INFO - DefaultSecurityFilterChain.<init> Creating filter chain: any request, [org.springframework.security.web.context.request.async.WebAsyncManagerIntegrationFilter@22eaa86e, org.springframework.security.web.context.SecurityContextPersistenceFilter@10f7c76, org.springframework.security.web.header.HeaderWriterFilter@2b680207, org.springframework.security.web.authentication.logout.LogoutFilter@36c2b646, org.springframework.security.web.authentication.UsernamePasswordAuthenticationFilter@237f7970, org.springframework.security.web.savedrequest.RequestCacheAwareFilter@2f2bff16, org.springframework.security.web.servletapi.SecurityContextHolderAwareRequestFilter@6b350309, org.springframework.security.web.authentication.AnonymousAuthenticationFilter@561b7d53, org.springframework.security.web.session.SessionManagementFilter@56da7487, org.springframework.security.web.access.ExceptionTranslationFilter@1cd3b138, org.springframework.security.web.access.intercept.FilterSecurityInterceptor@1687eb01]
2020/04/27 04:29:03:326 INFO - ThreadPoolTaskExecutor.initialize Initializing ExecutorService 'applicationTaskExecutor'
2020/04/27 04:29:04:107 INFO - MercariTrainingApplicationTests.logStarted Started MercariTrainingApplicationTests in 7.523 seconds (JVM running for 10.285)
2020/04/27 04:29:04:686 INFO - ThreadPoolTaskExecutor.shutdown Shutting down ExecutorService 'applicationTaskExecutor'
2020/04/27 04:33:07:584 INFO - ThreadPoolTaskExecutor.shutdown Shutting down ExecutorService 'applicationTaskExecutor'
2020/04/27 04:33:08:101 INFO - MercariTrainingApplication.logStarting Starting MercariTrainingApplication on DESKTOP-B5V0C2I with PID 21104 (C:\env\springworkspace\mercari-training\target\classes started by user in C:\env\springworkspace\mercari-training)
2020/04/27 04:33:08:101 INFO - MercariTrainingApplication.ogStartupProfileInfo No active profile set, falling back to default profiles: default
2020/04/27 04:33:08:517 INFO - TomcatWebServer.initialize Tomcat initialized with port(s): 8080 (http)
2020/04/27 04:33:08:518 INFO - StandardService.log Starting service [Tomcat]
2020/04/27 04:33:08:518 INFO - StandardEngine.log Starting Servlet engine: [Apache Tomcat/9.0.33]
2020/04/27 04:33:08:533 INFO - [/].log Initializing Spring embedded WebApplicationContext
2020/04/27 04:33:08:533 INFO - ContextLoader.ebApplicationContext Root WebApplicationContext: initialization completed in 432 ms
2020/04/27 04:33:08:675 INFO - DefaultSecurityFilterChain.<init> Creating filter chain: Ant [pattern='/css/**'], []
2020/04/27 04:33:08:675 INFO - DefaultSecurityFilterChain.<init> Creating filter chain: Ant [pattern='/js/**'], []
2020/04/27 04:33:08:682 INFO - DefaultSecurityFilterChain.<init> Creating filter chain: any request, [org.springframework.security.web.context.request.async.WebAsyncManagerIntegrationFilter@463508a9, org.springframework.security.web.context.SecurityContextPersistenceFilter@5428b6ec, org.springframework.security.web.header.HeaderWriterFilter@1f4646cb, org.springframework.security.web.authentication.logout.LogoutFilter@6936aa78, org.springframework.security.web.authentication.UsernamePasswordAuthenticationFilter@2cdcc38e, org.springframework.security.web.savedrequest.RequestCacheAwareFilter@3ba1f12c, org.springframework.security.web.servletapi.SecurityContextHolderAwareRequestFilter@167c888d, org.springframework.security.web.authentication.AnonymousAuthenticationFilter@76ea63bd, org.springframework.security.web.session.SessionManagementFilter@e0c14db, org.springframework.security.web.access.ExceptionTranslationFilter@5bd5b6e, org.springframework.security.web.access.intercept.FilterSecurityInterceptor@7adb60a2]
2020/04/27 04:33:08:697 INFO - ThreadPoolTaskExecutor.initialize Initializing ExecutorService 'applicationTaskExecutor'
2020/04/27 04:33:08:749 INFO - OptionalLiveReloadServer.startServer LiveReload server is running on port 35729
2020/04/27 04:33:08:774 INFO - TomcatWebServer.start Tomcat started on port(s): 8080 (http) with context path ''
2020/04/27 04:33:08:775 INFO - MercariTrainingApplication.logStarted Started MercariTrainingApplication in 0.714 seconds (JVM running for 838.26)
2020/04/27 04:33:08:776 INFO - ConditionEvaluationDeltaLoggingListener.onApplicationEvent Condition evaluation unchanged
2020/04/27 04:34:57:181 INFO - ThreadPoolTaskExecutor.shutdown Shutting down ExecutorService 'applicationTaskExecutor'
2020/04/27 04:34:57:735 INFO - MercariTrainingApplication.logStarting Starting MercariTrainingApplication on DESKTOP-B5V0C2I with PID 21104 (C:\env\springworkspace\mercari-training\target\classes started by user in C:\env\springworkspace\mercari-training)
2020/04/27 04:34:57:735 INFO - MercariTrainingApplication.ogStartupProfileInfo No active profile set, falling back to default profiles: default
2020/04/27 04:34:58:141 INFO - TomcatWebServer.initialize Tomcat initialized with port(s): 8080 (http)
2020/04/27 04:34:58:141 INFO - StandardService.log Starting service [Tomcat]
2020/04/27 04:34:58:141 INFO - StandardEngine.log Starting Servlet engine: [Apache Tomcat/9.0.33]
2020/04/27 04:34:58:157 INFO - [/].log Initializing Spring embedded WebApplicationContext
2020/04/27 04:34:58:157 INFO - ContextLoader.ebApplicationContext Root WebApplicationContext: initialization completed in 422 ms
2020/04/27 04:34:58:298 INFO - DefaultSecurityFilterChain.<init> Creating filter chain: Ant [pattern='/css/**'], []
2020/04/27 04:34:58:298 INFO - DefaultSecurityFilterChain.<init> Creating filter chain: Ant [pattern='/js/**'], []
2020/04/27 04:34:58:298 INFO - DefaultSecurityFilterChain.<init> Creating filter chain: any request, [org.springframework.security.web.context.request.async.WebAsyncManagerIntegrationFilter@5d664c04, org.springframework.security.web.context.SecurityContextPersistenceFilter@2900987b, org.springframework.security.web.header.HeaderWriterFilter@74c7e461, org.springframework.security.web.authentication.logout.LogoutFilter@2b16c986, org.springframework.security.web.authentication.UsernamePasswordAuthenticationFilter@4ca596dc, org.springframework.security.web.savedrequest.RequestCacheAwareFilter@7fd0e957, org.springframework.security.web.servletapi.SecurityContextHolderAwareRequestFilter@34ffee20, org.springframework.security.web.authentication.AnonymousAuthenticationFilter@163e415, org.springframework.security.web.session.SessionManagementFilter@6c0bd7da, org.springframework.security.web.access.ExceptionTranslationFilter@5e9102fe, org.springframework.security.web.access.intercept.FilterSecurityInterceptor@55071884]
2020/04/27 04:34:58:313 INFO - ThreadPoolTaskExecutor.initialize Initializing ExecutorService 'applicationTaskExecutor'
2020/04/27 04:34:58:376 INFO - OptionalLiveReloadServer.startServer LiveReload server is running on port 35729
2020/04/27 04:34:58:391 INFO - TomcatWebServer.start Tomcat started on port(s): 8080 (http) with context path ''
2020/04/27 04:34:58:391 INFO - MercariTrainingApplication.logStarted Started MercariTrainingApplication in 0.704 seconds (JVM running for 947.888)
2020/04/27 04:34:58:391 INFO - ConditionEvaluationDeltaLoggingListener.onApplicationEvent Condition evaluation unchanged
2020/04/27 04:35:00:889 INFO - ThreadPoolTaskExecutor.shutdown Shutting down ExecutorService 'applicationTaskExecutor'
2020/04/27 04:35:01:442 INFO - MercariTrainingApplication.logStarting Starting MercariTrainingApplication on DESKTOP-B5V0C2I with PID 21104 (C:\env\springworkspace\mercari-training\target\classes started by user in C:\env\springworkspace\mercari-training)
2020/04/27 04:35:01:443 INFO - MercariTrainingApplication.ogStartupProfileInfo No active profile set, falling back to default profiles: default
2020/04/27 04:35:01:814 INFO - TomcatWebServer.initialize Tomcat initialized with port(s): 8080 (http)
2020/04/27 04:35:01:814 INFO - StandardService.log Starting service [Tomcat]
2020/04/27 04:35:01:814 INFO - StandardEngine.log Starting Servlet engine: [Apache Tomcat/9.0.33]
2020/04/27 04:35:01:829 INFO - [/].log Initializing Spring embedded WebApplicationContext
2020/04/27 04:35:01:829 INFO - ContextLoader.ebApplicationContext Root WebApplicationContext: initialization completed in 384 ms
2020/04/27 04:35:01:970 INFO - DefaultSecurityFilterChain.<init> Creating filter chain: Ant [pattern='/css/**'], []
2020/04/27 04:35:01:970 INFO - DefaultSecurityFilterChain.<init> Creating filter chain: Ant [pattern='/js/**'], []
2020/04/27 04:35:01:970 INFO - DefaultSecurityFilterChain.<init> Creating filter chain: any request, [org.springframework.security.web.context.request.async.WebAsyncManagerIntegrationFilter@161cf90e, org.springframework.security.web.context.SecurityContextPersistenceFilter@156a38d2, org.springframework.security.web.header.HeaderWriterFilter@63ad7a0e, org.springframework.security.web.authentication.logout.LogoutFilter@3ca2dcec, org.springframework.security.web.authentication.UsernamePasswordAuthenticationFilter@1b4efd43, org.springframework.security.web.savedrequest.RequestCacheAwareFilter@7dd3d625, org.springframework.security.web.servletapi.SecurityContextHolderAwareRequestFilter@7526ae9b, org.springframework.security.web.authentication.AnonymousAuthenticationFilter@145e5024, org.springframework.security.web.session.SessionManagementFilter@8d0a626, org.springframework.security.web.access.ExceptionTranslationFilter@18fe15f7, org.springframework.security.web.access.intercept.FilterSecurityInterceptor@5a8124e4]
2020/04/27 04:35:01:986 INFO - ThreadPoolTaskExecutor.initialize Initializing ExecutorService 'applicationTaskExecutor'
2020/04/27 04:35:02:048 INFO - OptionalLiveReloadServer.startServer LiveReload server is running on port 35729
2020/04/27 04:35:02:064 INFO - TomcatWebServer.start Tomcat started on port(s): 8080 (http) with context path ''
2020/04/27 04:35:02:064 INFO - MercariTrainingApplication.logStarted Started MercariTrainingApplication in 0.678 seconds (JVM running for 951.564)
2020/04/27 04:35:02:064 INFO - ConditionEvaluationDeltaLoggingListener.onApplicationEvent Condition evaluation unchanged
2020/04/27 04:35:46:825 INFO - ThreadPoolTaskExecutor.shutdown Shutting down ExecutorService 'applicationTaskExecutor'
2020/04/27 04:35:47:468 INFO - MercariTrainingApplication.logStarting Starting MercariTrainingApplication on DESKTOP-B5V0C2I with PID 21104 (C:\env\springworkspace\mercari-training\target\classes started by user in C:\env\springworkspace\mercari-training)
2020/04/27 04:35:47:469 INFO - MercariTrainingApplication.ogStartupProfileInfo No active profile set, falling back to default profiles: default
2020/04/27 04:35:47:858 INFO - TomcatWebServer.initialize Tomcat initialized with port(s): 8080 (http)
2020/04/27 04:35:47:858 INFO - StandardService.log Starting service [Tomcat]
2020/04/27 04:35:47:858 INFO - StandardEngine.log Starting Servlet engine: [Apache Tomcat/9.0.33]
2020/04/27 04:35:47:873 INFO - [/].log Initializing Spring embedded WebApplicationContext
2020/04/27 04:35:47:873 INFO - ContextLoader.ebApplicationContext Root WebApplicationContext: initialization completed in 401 ms
2020/04/27 04:35:48:061 INFO - DefaultSecurityFilterChain.<init> Creating filter chain: Ant [pattern='/css/**'], []
2020/04/27 04:35:48:061 INFO - DefaultSecurityFilterChain.<init> Creating filter chain: Ant [pattern='/js/**'], []
2020/04/27 04:35:48:076 INFO - DefaultSecurityFilterChain.<init> Creating filter chain: any request, [org.springframework.security.web.context.request.async.WebAsyncManagerIntegrationFilter@28446332, org.springframework.security.web.context.SecurityContextPersistenceFilter@41775e69, org.springframework.security.web.header.HeaderWriterFilter@57962ca5, org.springframework.security.web.authentication.logout.LogoutFilter@4068cdc8, org.springframework.security.web.authentication.UsernamePasswordAuthenticationFilter@36042f58, org.springframework.security.web.savedrequest.RequestCacheAwareFilter@28d5f037, org.springframework.security.web.servletapi.SecurityContextHolderAwareRequestFilter@4ec0028c, org.springframework.security.web.authentication.AnonymousAuthenticationFilter@51b23b20, org.springframework.security.web.session.SessionManagementFilter@1e2d61e0, org.springframework.security.web.access.ExceptionTranslationFilter@75e3851d, org.springframework.security.web.access.intercept.FilterSecurityInterceptor@257fa40b]
2020/04/27 04:35:48:092 INFO - ThreadPoolTaskExecutor.initialize Initializing ExecutorService 'applicationTaskExecutor'
2020/04/27 04:35:48:154 INFO - OptionalLiveReloadServer.startServer LiveReload server is running on port 35729
2020/04/27 04:35:48:186 INFO - TomcatWebServer.start Tomcat started on port(s): 8080 (http) with context path ''
2020/04/27 04:35:48:186 INFO - MercariTrainingApplication.logStarted Started MercariTrainingApplication in 0.785 seconds (JVM running for 997.685)
2020/04/27 04:35:48:201 INFO - ConditionEvaluationDeltaLoggingListener.onApplicationEvent Condition evaluation unchanged
2020/04/27 04:36:05:434 INFO - ThreadPoolTaskExecutor.shutdown Shutting down ExecutorService 'applicationTaskExecutor'
2020/04/27 04:37:43:042 INFO - MercariTrainingApplication.logStarting Starting MercariTrainingApplication on DESKTOP-B5V0C2I with PID 21104 (C:\env\springworkspace\mercari-training\target\classes started by user in C:\env\springworkspace\mercari-training)
2020/04/27 04:37:43:042 INFO - MercariTrainingApplication.ogStartupProfileInfo No active profile set, falling back to default profiles: default
2020/04/27 04:37:43:413 INFO - TomcatWebServer.initialize Tomcat initialized with port(s): 8080 (http)
2020/04/27 04:37:43:414 INFO - StandardService.log Starting service [Tomcat]
2020/04/27 04:37:43:414 INFO - StandardEngine.log Starting Servlet engine: [Apache Tomcat/9.0.33]
2020/04/27 04:37:43:428 INFO - [/].log Initializing Spring embedded WebApplicationContext
2020/04/27 04:37:43:429 INFO - ContextLoader.ebApplicationContext Root WebApplicationContext: initialization completed in 385 ms
2020/04/27 04:37:43:560 INFO - DefaultSecurityFilterChain.<init> Creating filter chain: Ant [pattern='/css/**'], []
2020/04/27 04:37:43:560 INFO - DefaultSecurityFilterChain.<init> Creating filter chain: Ant [pattern='/js/**'], []
2020/04/27 04:37:43:566 INFO - DefaultSecurityFilterChain.<init> Creating filter chain: any request, [org.springframework.security.web.context.request.async.WebAsyncManagerIntegrationFilter@647fa5a8, org.springframework.security.web.context.SecurityContextPersistenceFilter@62b2af3d, org.springframework.security.web.header.HeaderWriterFilter@424e8798, org.springframework.security.web.authentication.logout.LogoutFilter@15845163, org.springframework.security.web.authentication.UsernamePasswordAuthenticationFilter@1cb20115, org.springframework.security.web.savedrequest.RequestCacheAwareFilter@7b12586b, org.springframework.security.web.servletapi.SecurityContextHolderAwareRequestFilter@4d5672d6, org.springframework.security.web.authentication.AnonymousAuthenticationFilter@6aab37e1, org.springframework.security.web.session.SessionManagementFilter@72dba359, org.springframework.security.web.access.ExceptionTranslationFilter@67afd2c2, org.springframework.security.web.access.intercept.FilterSecurityInterceptor@508aba6f]
2020/04/27 04:37:43:582 INFO - ThreadPoolTaskExecutor.initialize Initializing ExecutorService 'applicationTaskExecutor'
2020/04/27 04:37:43:631 INFO - OptionalLiveReloadServer.startServer LiveReload server is running on port 35729
2020/04/27 04:37:43:655 INFO - TomcatWebServer.start Tomcat started on port(s): 8080 (http) with context path ''
2020/04/27 04:37:43:656 INFO - MercariTrainingApplication.logStarted Started MercariTrainingApplication in 0.65 seconds (JVM running for 1113.142)
2020/04/27 04:37:43:657 INFO - ConditionEvaluationDeltaLoggingListener.onApplicationEvent Condition evaluation unchanged
2020/04/27 04:38:03:008 INFO - ThreadPoolTaskExecutor.shutdown Shutting down ExecutorService 'applicationTaskExecutor'
2020/04/27 04:38:03:900 INFO - MercariTrainingApplication.logStarting Starting MercariTrainingApplication on DESKTOP-B5V0C2I with PID 21104 (C:\env\springworkspace\mercari-training\target\classes started by user in C:\env\springworkspace\mercari-training)
2020/04/27 04:38:03:900 INFO - MercariTrainingApplication.ogStartupProfileInfo No active profile set, falling back to default profiles: default
2020/04/27 04:38:05:017 INFO - TomcatWebServer.initialize Tomcat initialized with port(s): 8080 (http)
2020/04/27 04:38:05:018 INFO - StandardService.log Starting service [Tomcat]
2020/04/27 04:38:05:020 INFO - StandardEngine.log Starting Servlet engine: [Apache Tomcat/9.0.33]
2020/04/27 04:38:05:052 INFO - [/].log Initializing Spring embedded WebApplicationContext
2020/04/27 04:38:05:053 INFO - ContextLoader.ebApplicationContext Root WebApplicationContext: initialization completed in 1153 ms
2020/04/27 04:38:05:336 INFO - DefaultSecurityFilterChain.<init> Creating filter chain: Ant [pattern='/css/**'], []
2020/04/27 04:38:05:336 INFO - DefaultSecurityFilterChain.<init> Creating filter chain: Ant [pattern='/js/**'], []
2020/04/27 04:38:05:351 INFO - DefaultSecurityFilterChain.<init> Creating filter chain: any request, [org.springframework.security.web.context.request.async.WebAsyncManagerIntegrationFilter@2ee2ee50, org.springframework.security.web.context.SecurityContextPersistenceFilter@5edd5264, org.springframework.security.web.header.HeaderWriterFilter@685bd46f, org.springframework.security.web.authentication.logout.LogoutFilter@78c8107b, org.springframework.security.web.authentication.UsernamePasswordAuthenticationFilter@ea0071b, org.springframework.security.web.savedrequest.RequestCacheAwareFilter@6c467113, org.springframework.security.web.servletapi.SecurityContextHolderAwareRequestFilter@5a882858, org.springframework.security.web.authentication.AnonymousAuthenticationFilter@235f5854, org.springframework.security.web.session.SessionManagementFilter@417aead8, org.springframework.security.web.access.ExceptionTranslationFilter@15e4f9bd, org.springframework.security.web.access.intercept.FilterSecurityInterceptor@a9e98d0]
2020/04/27 04:38:05:367 INFO - ThreadPoolTaskExecutor.initialize Initializing ExecutorService 'applicationTaskExecutor'
2020/04/27 04:38:05:461 INFO - OptionalLiveReloadServer.startServer LiveReload server is running on port 35729
2020/04/27 04:38:05:492 INFO - TomcatWebServer.start Tomcat started on port(s): 8080 (http) with context path ''
2020/04/27 04:38:05:492 INFO - MercariTrainingApplication.logStarted Started MercariTrainingApplication in 1.667 seconds (JVM running for 1134.989)
2020/04/27 04:38:05:492 INFO - ConditionEvaluationDeltaLoggingListener.onApplicationEvent Condition evaluation unchanged
2020/04/27 04:38:05:756 INFO - SpringBootTestContextBootstrapper.ContextConfiguration Neither @ContextConfiguration nor @ContextHierarchy found for test class [com.example.MercariTrainingApplicationTests], using SpringBootContextLoader
2020/04/27 04:38:05:771 INFO - AbstractContextLoader.rateDefaultLocations Could not detect default resource locations for test class [com.example.MercariTrainingApplicationTests]: no resource found for suffixes {-context.xml, Context.groovy}.
2020/04/27 04:38:05:771 INFO - AnnotationConfigContextLoaderUtils.ConfigurationClasses Could not detect default configuration classes for test class [com.example.MercariTrainingApplicationTests]: MercariTrainingApplicationTests does not declare any static, non-private, non-final, nested classes annotated with @Configuration.
2020/04/27 04:38:05:974 INFO - SpringBootTestContextBootstrapper.ConfigurationClasses Found @SpringBootConfiguration com.example.MercariTrainingApplication for test class com.example.MercariTrainingApplicationTests
2020/04/27 04:38:06:193 INFO - SpringBootTestContextBootstrapper.onListenerClassNames Loaded default TestExecutionListener class names from location [META-INF/spring.factories]: [org.springframework.boot.test.mock.mockito.MockitoTestExecutionListener, org.springframework.boot.test.mock.mockito.ResetMocksTestExecutionListener, org.springframework.boot.test.autoconfigure.restdocs.RestDocsTestExecutionListener, org.springframework.boot.test.autoconfigure.web.client.MockRestServiceServerResetTestExecutionListener, org.springframework.boot.test.autoconfigure.web.servlet.MockMvcPrintOnlyOnFailureTestExecutionListener, org.springframework.boot.test.autoconfigure.web.servlet.WebDriverTestExecutionListener, org.springframework.test.context.web.ServletTestExecutionListener, org.springframework.test.context.support.DirtiesContextBeforeModesTestExecutionListener, org.springframework.test.context.support.DependencyInjectionTestExecutionListener, org.springframework.test.context.support.DirtiesContextTestExecutionListener, org.springframework.test.context.transaction.TransactionalTestExecutionListener, org.springframework.test.context.jdbc.SqlScriptsTestExecutionListener, org.springframework.test.context.event.EventPublishingTestExecutionListener, org.springframework.security.test.context.support.WithSecurityContextTestExecutionListener, org.springframework.security.test.context.support.ReactorContextTestExecutionListener]
2020/04/27 04:38:06:256 INFO - SpringBootTestContextBootstrapper.stExecutionListeners Using TestExecutionListeners: [org.springframework.test.context.web.ServletTestExecutionListener@61710c6, org.springframework.test.context.support.DirtiesContextBeforeModesTestExecutionListener@3214ee6, org.springframework.boot.test.mock.mockito.MockitoTestExecutionListener@383dc82c, org.springframework.boot.test.autoconfigure.SpringBootDependencyInjectionTestExecutionListener@4a07d605, org.springframework.test.context.support.DirtiesContextTestExecutionListener@74287ea3, org.springframework.test.context.transaction.TransactionalTestExecutionListener@7d7758be, org.springframework.test.context.jdbc.SqlScriptsTestExecutionListener@2bdd8394, org.springframework.test.context.event.EventPublishingTestExecutionListener@5f9edf14, org.springframework.security.test.context.support.WithSecurityContextTestExecutionListener@68746f22, org.springframework.security.test.context.support.ReactorContextTestExecutionListener@2f01783a, org.springframework.boot.test.mock.mockito.ResetMocksTestExecutionListener@68878f6d, org.springframework.boot.test.autoconfigure.restdocs.RestDocsTestExecutionListener@41488b16, org.springframework.boot.test.autoconfigure.web.client.MockRestServiceServerResetTestExecutionListener@a8ef162, org.springframework.boot.test.autoconfigure.web.servlet.MockMvcPrintOnlyOnFailureTestExecutionListener@2eea88a1, org.springframework.boot.test.autoconfigure.web.servlet.WebDriverTestExecutionListener@7ac296f6]
2020/04/27 04:38:07:022 INFO - MercariTrainingApplicationTests.logStarting Starting MercariTrainingApplicationTests on DESKTOP-B5V0C2I with PID 4060 (started by user in C:\env\springworkspace\mercari-training)
2020/04/27 04:38:07:022 INFO - MercariTrainingApplicationTests.ogStartupProfileInfo No active profile set, falling back to default profiles: default
2020/04/27 04:38:11:071 INFO - DefaultSecurityFilterChain.<init> Creating filter chain: Ant [pattern='/css/**'], []
2020/04/27 04:38:11:071 INFO - DefaultSecurityFilterChain.<init> Creating filter chain: Ant [pattern='/js/**'], []
2020/04/27 04:38:11:903 INFO - DefaultSecurityFilterChain.<init> Creating filter chain: any request, [org.springframework.security.web.context.request.async.WebAsyncManagerIntegrationFilter@5d2828c9, org.springframework.security.web.context.SecurityContextPersistenceFilter@5a6d30e2, org.springframework.security.web.header.HeaderWriterFilter@15639440, org.springframework.security.web.authentication.logout.LogoutFilter@6b350309, org.springframework.security.web.authentication.UsernamePasswordAuthenticationFilter@411c6d44, org.springframework.security.web.savedrequest.RequestCacheAwareFilter@a098d76, org.springframework.security.web.servletapi.SecurityContextHolderAwareRequestFilter@10f7c76, org.springframework.security.web.authentication.AnonymousAuthenticationFilter@3a082ff4, org.springframework.security.web.session.SessionManagementFilter@4faa298, org.springframework.security.web.access.ExceptionTranslationFilter@77b919a3, org.springframework.security.web.access.intercept.FilterSecurityInterceptor@715b886f]
2020/04/27 04:38:12:367 INFO - ThreadPoolTaskExecutor.initialize Initializing ExecutorService 'applicationTaskExecutor'
2020/04/27 04:38:13:165 INFO - MercariTrainingApplicationTests.logStarted Started MercariTrainingApplicationTests in 6.778 seconds (JVM running for 9.522)
2020/04/27 04:38:13:841 INFO - ThreadPoolTaskExecutor.shutdown Shutting down ExecutorService 'applicationTaskExecutor'
2020/04/27 05:14:27:577 INFO - SpringApplicationAdminMXBeanRegistrar$SpringApplicationAdmin.shutdown Application shutdown requested.
2020/04/27 05:14:27:581 INFO - ThreadPoolTaskExecutor.shutdown Shutting down ExecutorService 'applicationTaskExecutor'
2020/04/28 02:58:01:659 INFO - SpringBootTestContextBootstrapper.ContextConfiguration Neither @ContextConfiguration nor @ContextHierarchy found for test class [com.example.MercariTrainingApplicationTests], using SpringBootContextLoader
2020/04/28 02:58:01:673 INFO - AbstractContextLoader.rateDefaultLocations Could not detect default resource locations for test class [com.example.MercariTrainingApplicationTests]: no resource found for suffixes {-context.xml, Context.groovy}.
2020/04/28 02:58:01:675 INFO - AnnotationConfigContextLoaderUtils.ConfigurationClasses Could not detect default configuration classes for test class [com.example.MercariTrainingApplicationTests]: MercariTrainingApplicationTests does not declare any static, non-private, non-final, nested classes annotated with @Configuration.
2020/04/28 02:58:01:950 INFO - SpringBootTestContextBootstrapper.ConfigurationClasses Found @SpringBootConfiguration com.example.MercariTrainingApplication for test class com.example.MercariTrainingApplicationTests
2020/04/28 02:58:02:370 INFO - SpringBootTestContextBootstrapper.onListenerClassNames Loaded default TestExecutionListener class names from location [META-INF/spring.factories]: [org.springframework.boot.test.mock.mockito.MockitoTestExecutionListener, org.springframework.boot.test.mock.mockito.ResetMocksTestExecutionListener, org.springframework.boot.test.autoconfigure.restdocs.RestDocsTestExecutionListener, org.springframework.boot.test.autoconfigure.web.client.MockRestServiceServerResetTestExecutionListener, org.springframework.boot.test.autoconfigure.web.servlet.MockMvcPrintOnlyOnFailureTestExecutionListener, org.springframework.boot.test.autoconfigure.web.servlet.WebDriverTestExecutionListener, org.springframework.test.context.web.ServletTestExecutionListener, org.springframework.test.context.support.DirtiesContextBeforeModesTestExecutionListener, org.springframework.test.context.support.DependencyInjectionTestExecutionListener, org.springframework.test.context.support.DirtiesContextTestExecutionListener, org.springframework.test.context.transaction.TransactionalTestExecutionListener, org.springframework.test.context.jdbc.SqlScriptsTestExecutionListener, org.springframework.test.context.event.EventPublishingTestExecutionListener, org.springframework.security.test.context.support.WithSecurityContextTestExecutionListener, org.springframework.security.test.context.support.ReactorContextTestExecutionListener]
2020/04/28 02:58:02:465 INFO - SpringBootTestContextBootstrapper.stExecutionListeners Using TestExecutionListeners: [org.springframework.test.context.web.ServletTestExecutionListener@7ac296f6, org.springframework.test.context.support.DirtiesContextBeforeModesTestExecutionListener@7fd7a283, org.springframework.boot.test.mock.mockito.MockitoTestExecutionListener@22f59fa, org.springframework.boot.test.autoconfigure.SpringBootDependencyInjectionTestExecutionListener@78fa769e, org.springframework.test.context.support.DirtiesContextTestExecutionListener@16612a51, org.springframework.test.context.transaction.TransactionalTestExecutionListener@54e041a4, org.springframework.test.context.jdbc.SqlScriptsTestExecutionListener@2c78324b, org.springframework.test.context.event.EventPublishingTestExecutionListener@79defdc, org.springframework.security.test.context.support.WithSecurityContextTestExecutionListener@18317edc, org.springframework.security.test.context.support.ReactorContextTestExecutionListener@4e0ae11f, org.springframework.boot.test.mock.mockito.ResetMocksTestExecutionListener@238d68ff, org.springframework.boot.test.autoconfigure.restdocs.RestDocsTestExecutionListener@4b86805d, org.springframework.boot.test.autoconfigure.web.client.MockRestServiceServerResetTestExecutionListener@5852c06f, org.springframework.boot.test.autoconfigure.web.servlet.MockMvcPrintOnlyOnFailureTestExecutionListener@4149c063, org.springframework.boot.test.autoconfigure.web.servlet.WebDriverTestExecutionListener@9cb8225]
2020/04/28 02:58:03:501 INFO - MercariTrainingApplicationTests.logStarting Starting MercariTrainingApplicationTests on DESKTOP-B5V0C2I with PID 22864 (started by user in C:\env\springworkspace\mercari-training)
2020/04/28 02:58:03:506 INFO - MercariTrainingApplicationTests.ogStartupProfileInfo No active profile set, falling back to default profiles: default
2020/04/28 02:58:11:787 INFO - DefaultSecurityFilterChain.<init> Creating filter chain: Ant [pattern='/css/**'], []
2020/04/28 02:58:11:787 INFO - DefaultSecurityFilterChain.<init> Creating filter chain: Ant [pattern='/js/**'], []
2020/04/28 02:58:12:665 INFO - DefaultSecurityFilterChain.<init> Creating filter chain: any request, [org.springframework.security.web.context.request.async.WebAsyncManagerIntegrationFilter@3d96fa9e, org.springframework.security.web.context.SecurityContextPersistenceFilter@44f24a20, org.springframework.security.web.header.HeaderWriterFilter@7fb29ca9, org.springframework.security.web.authentication.logout.LogoutFilter@22eaa86e, org.springframework.security.web.authentication.UsernamePasswordAuthenticationFilter@4f9a6c2d, org.springframework.security.web.savedrequest.RequestCacheAwareFilter@46349b95, org.springframework.security.web.servletapi.SecurityContextHolderAwareRequestFilter@5d2828c9, org.springframework.security.web.authentication.AnonymousAuthenticationFilter@3b545206, org.springframework.security.web.session.SessionManagementFilter@350d3f4d, org.springframework.security.web.access.ExceptionTranslationFilter@181b8c4b, org.springframework.security.web.access.intercept.FilterSecurityInterceptor@2370ac7a]
2020/04/28 02:58:13:229 INFO - ThreadPoolTaskExecutor.initialize Initializing ExecutorService 'applicationTaskExecutor'
2020/04/28 02:58:14:284 INFO - MercariTrainingApplicationTests.logStarted Started MercariTrainingApplicationTests in 11.674 seconds (JVM running for 14.538)
2020/04/28 02:58:15:982 INFO - ThreadPoolTaskExecutor.shutdown Shutting down ExecutorService 'applicationTaskExecutor'
